
Not Found: /server
Not Found: /.vscode/sftp.json
Not Found: /about
Not Found: /debug/default/view
Not Found: /v2/_catalog
Not Found: /favicon.ico
Not Found: /ecp/Current/exporttool/microsoft.exchange.ediscovery.exporttool.application
Not Found: /server-status
Not Found: /login.action
Not Found: /_all_dbs
Not Found: /.DS_Store
Not Found: /.env
Not Found: /.git/config
Not Found: /s/9343e243e2537313e2830313/_/;/META-INF/maven/com.atlassian.jira/jira-webapp-dist/pom.properties
Not Found: /config.json
Not Found: /telescope/requests
Not Found: /static/css/bootstrap.min.css
Not Found: /static/css/estilos.css
Not Found: /static/js/popper.min.js
Not Found: /static/js/jquery.min.js
Not Found: /static/js/bootstrap.bundle.min.js
Not Found: /static/js/jquery-3.3.1.min.js
Not Found: /static/js/funciones.js
Not Found: /static/js/bootstrap.min.js
Not Found: /static/js/jquery.min.js
Not Found: /static/img/logo.png
Not Found: /static/js/jquery-3.3.1.min.js
Not Found: /static/img/principal/imagen1.png
Not Found: /static/img/principal/imagen2.png
Not Found: /static/js/popper.min.js
Not Found: /static/css/bootstrap.min.css
Not Found: /static/img/principal/imagen3.png
Not Found: /static/js/bootstrap.min.js
Not Found: /static/css/estilos.css
Not Found: /static/js/jquery-3.3.1.min.js
Not Found: /static/js/jquery.min.js
Not Found: /static/js/bootstrap.bundle.min.js
Not Found: /static/js/popper.min.js
Not Found: /static/js/funciones.js
Not Found: /static/js/bootstrap.min.js
Not Found: /static/js/funciones.js
Not Found: /static/img/logo.png
Not Found: /static/img/principal/imagen1.png
Not Found: /static/img/principal/imagen2.png
Not Found: /static/img/principal/imagen3.png
Not Found: /static/css/bootstrap.min.css
Not Found: /static/css/estilos.css
Not Found: /static/js/bootstrap.bundle.min.js
Not Found: /static/js/jquery-3.3.1.min.js
Not Found: /static/js/jquery.min.js
Not Found: /static/js/funciones.js
Not Found: /static/js/bootstrap.min.js
Not Found: /static/js/popper.min.js
Not Found: /static/img/logo.png
Not Found: /static/img/principal/imagen1.png
Not Found: /static/img/principal/imagen3.png
Not Found: /static/img/principal/imagen2.png
Not Found: /static/img/favicon.jpg
Not Found: /static/img/logo.png
Not Found: /static/img/principal/imagen1.png
Not Found: /static/img/principal/imagen3.png
Not Found: /static/img/principal/imagen2.png
Not Found: /static/img/logo.png
Not Found: /static/img/principal/imagen1.png
Not Found: /static/img/principal/imagen3.png
Not Found: /static/img/principal/imagen2.png
Not Found: /static/img/logo.png
Not Found: /static/img/principal/imagen1.png
Not Found: /static/img/principal/imagen3.png
Not Found: /static/img/principal/imagen2.png
Not Found: /static/img/logo.png
Not Found: /static/img/principal/imagen1.png
Not Found: /static/img/principal/imagen2.png
Not Found: /static/img/principal/imagen3.png
Not Found: /static/img/logo.png
Not Found: /static/img/principal/imagen1.png
Not Found: /static/img/principal/imagen3.png
Not Found: /static/img/principal/imagen2.png
Not Found: /static/img/logo.png
Not Found: /static/img/logo.png
Not Found: /static/img/logo.png
Not Found: /static/img/logo.png
Not Found: /favicon.ico
Not Found: /static/js/bootstrap.min.js.map
Not Found: /static/js/popper.min.js.map
Not Found: /static/js/bootstrap.bundle.min.js.map
Not Found: /static/css/bootstrap.min.css.map
Not Found: /static/img/logo.png
Not Found: /static/img/principal/imagen1.png
Not Found: /static/img/principal/imagen3.png
Not Found: /static/img/principal/imagen2.png
Not Found: /static/js/popper.min.js.map
Not Found: /static/js/bootstrap.min.js.map
Not Found: /static/js/bootstrap.bundle.min.js.map
Not Found: /static/css/bootstrap.min.css.map
Not Found: /wp-content/plugins/gotmls/readme.txt
Not Found: /static/img/logo.png
Not Found: /static/img/principal/imagen1.png
Not Found: /static/js/bootstrap.bundle.min.js.map
Not Found: /static/js/bootstrap.min.js.map
Not Found: /static/img/principal/imagen3.png
Not Found: /static/css/bootstrap.min.css.map
Not Found: /static/img/principal/imagen2.png
Not Found: /static/js/popper.min.js.map
Not Found: /static/img/logo.png
Not Found: /static/img/principal/imagen1.png
Not Found: /static/img/principal/imagen2.png
Not Found: /static/js/bootstrap.bundle.min.js.map
Not Found: /static/js/popper.min.js.map
Not Found: /static/img/principal/imagen3.png
Not Found: /static/css/bootstrap.min.css.map
Not Found: /static/js/bootstrap.min.js.map
Not Found: /static/img/logo.png
Not Found: /static/img/principal/imagen1.png
Not Found: /static/img/principal/imagen2.png
Not Found: /static/js/bootstrap.bundle.min.js.map
Not Found: /static/js/bootstrap.min.js.map
Not Found: /static/js/popper.min.js.map
Not Found: /static/img/principal/imagen3.png
Not Found: /static/css/bootstrap.min.css.map
Not Found: /static/img/logo.png
Not Found: /static/img/principal/imagen1.png
Not Found: /static/js/bootstrap.bundle.min.js.map
Not Found: /static/img/principal/imagen2.png
Not Found: /static/img/principal/imagen3.png
Not Found: /static/js/popper.min.js.map
Not Found: /static/js/bootstrap.min.js.map
Not Found: /static/css/bootstrap.min.css.map
Not Found: /static/css/bootstrap.min.css
Not Found: /static/css/estilos.css
Not Found: /static/js/popper.min.js
Not Found: /static/js/jquery.min.js
Not Found: /static/js/funciones.js
Not Found: /static/js/bootstrap.min.js
Not Found: /static/js/bootstrap.bundle.min.js
Not Found: /static/js/jquery-3.3.1.min.js
Not Found: /static/img/logo.png
Not Found: /static/img/principal/imagen1.png
Not Found: /static/img/principal/imagen2.png
Not Found: /static/img/principal/imagen3.png
Not Found: /static/img/favicon.jpg
Not Found: /static/img/logo.png
Not Found: /static/img/principal/imagen1.png
Not Found: /static/img/principal/imagen2.png
Not Found: /static/img/principal/imagen3.png
Not Found: /static/js/bootstrap.bundle.min.js.map
Not Found: /static/css/bootstrap.min.css.map
Not Found: /static/js/bootstrap.min.js.map
Not Found: /static/js/popper.min.js.map
Not Found: /static/img/logo.png
Not Found: /static/img/principal/imagen1.png
Not Found: /static/js/bootstrap.bundle.min.js.map
Not Found: /static/js/popper.min.js.map
Not Found: /static/img/principal/imagen3.png
Not Found: /static/img/principal/imagen2.png
Not Found: /static/js/bootstrap.min.js.map
Not Found: /static/css/bootstrap.min.css.map
Not Found: /static/img/logo.png
Not Found: /static/img/principal/imagen1.png
Not Found: /static/img/principal/imagen3.png
Not Found: /static/img/principal/imagen2.png
Not Found: /static/img/logo.png
Not Found: /static/img/principal/imagen1.png
Not Found: /static/img/principal/imagen2.png
Not Found: /static/img/principal/imagen3.png
Not Found: /static/img/principal/imagen1.png
Not Found: /static/img/principal/imagen2.png
Not Found: /static/img/principal/imagen3.png
Not Found: /static/img/logo.png
Not Found: /static/js/bootstrap.bundle.min.js.map
Not Found: /static/js/bootstrap.min.js.map
Not Found: /static/js/popper.min.js.map
Not Found: /static/css/bootstrap.min.css.map
Not Found: /static/img/logo.png
Not Found: /static/img/principal/imagen1.png
Not Found: /static/js/bootstrap.bundle.min.js.map
Not Found: /static/js/popper.min.js.map
Not Found: /static/img/principal/imagen2.png
Not Found: /static/img/principal/imagen3.png
Not Found: /static/js/bootstrap.min.js.map
Not Found: /static/css/bootstrap.min.css.map
Not Found: /static/img/logo.png
Not Found: /static/img/principal/imagen2.png
Not Found: /static/img/principal/imagen1.png
Not Found: /static/js/bootstrap.bundle.min.js.map
Not Found: /static/js/popper.min.js.map
Not Found: /static/js/bootstrap.min.js.map
Not Found: /static/img/principal/imagen3.png
Not Found: /static/css/bootstrap.min.css.map
Not Found: /static/img/logo.png
Not Found: /static/img/principal/imagen1.png
Not Found: /static/img/principal/imagen2.png
Not Found: /static/js/bootstrap.bundle.min.js.map
Not Found: /static/js/bootstrap.min.js.map
Not Found: /static/img/principal/imagen3.png
Not Found: /static/js/popper.min.js.map
Not Found: /static/css/bootstrap.min.css.map
Not Found: /static/img/principal/imagen1.png
Not Found: /static/img/logo.png
Not Found: /static/css/bootstrap.min.css.map
Not Found: /static/js/bootstrap.bundle.min.js.map
Not Found: /static/img/principal/imagen2.png
Not Found: /static/img/principal/imagen3.png
Not Found: /static/js/bootstrap.min.js.map
Not Found: /static/js/popper.min.js.map
Not Found: /static/core/img/logo.png
Not Found: /static/core/img/principal/imagen1.png
Not Found: /static/js/bootstrap.bundle.min.js.map
Not Found: /static/css/bootstrap.min.css.map
Not Found: /static/js/popper.min.js.map
Not Found: /static/core/img/principal/imagen2.png
Not Found: /static/core/img/principal/imagen3.png
Not Found: /static/js/bootstrap.min.js.map
Not Found: /wordpress
Not Found: /wp
Not Found: /bc
Not Found: /bk
Not Found: /backup
Not Found: /old
Not Found: /new
Not Found: /main
Not Found: /home
Not Found: /static/core/img/logo.png
Not Found: /static/css/bootstrap.min.css.map
Not Found: /static/core/img/principal/imagen1.png
Not Found: /static/js/bootstrap.bundle.min.js.map
Not Found: /static/core/img/principal/imagen2.png
Not Found: /static/core/img/principal/imagen3.png
Not Found: /static/js/bootstrap.min.js.map
Not Found: /static/js/popper.min.js.map
Not Found: /static/core/img/principal/imagen1.png
Not Found: /static/js/bootstrap.bundle.min.js.map
Not Found: /static/core/img/logo.png
Not Found: /static/js/popper.min.js.map
Not Found: /static/js/bootstrap.min.js.map
Not Found: /static/core/img/principal/imagen2.png
Not Found: /static/core/img/principal/imagen3.png
Not Found: /static/css/bootstrap.min.css.map
Not Found: /static/core/img/principal/imagen1.png
Not Found: /static/core/img/logo.png
Not Found: /static/core/img/principal/imagen3.png
Not Found: /static/core/img/principal/imagen2.png
Not Found: /static/js/bootstrap.bundle.min.js.map
Not Found: /static/js/popper.min.js.map
Not Found: /static/js/bootstrap.min.js.map
Not Found: /static/css/bootstrap.min.css.map
Not Found: /static/core/img/logo.png
Not Found: /static/core/img/principal/imagen1.png
Not Found: /static/js/bootstrap.bundle.min.js.map
Not Found: /static/core/img/principal/imagen3.png
Not Found: /static/js/popper.min.js.map
Not Found: /static/core/img/principal/imagen2.png
Not Found: /static/js/bootstrap.min.js.map
Not Found: /static/css/bootstrap.min.css.map
Not Found: /static/core/img/logo.png
Not Found: /static/css/bootstrap.min.css.map
Not Found: /static/js/bootstrap.bundle.min.js.map
Not Found: /static/core/img/principal/imagen1.png
Not Found: /static/core/img/principal/imagen3.png
Not Found: /static/core/img/principal/imagen2.png
Not Found: /static/js/popper.min.js.map
Not Found: /static/js/bootstrap.min.js.map
Not Found: /static/core/img/logo.png
Not Found: /static/core/img/principal/imagen1.png
Not Found: /static/core/img/principal/imagen1.png
Not Found: /static/core/img/logo.png
Not Found: /static/js/bootstrap.bundle.min.js.map
Not Found: /static/js/popper.min.js.map
Not Found: /static/core/img/principal/imagen2.png
Not Found: /static/js/bootstrap.min.js.map
Not Found: /static/core/img/principal/imagen3.png
Not Found: /static/css/bootstrap.min.css.map
Not Found: /static/core/img/logo.png
Not Found: /static/core/img/principal/imagen1.png
Not Found: /static/css/bootstrap.min.css.map
Not Found: /static/js/bootstrap.bundle.min.js.map
Not Found: /static/js/popper.min.js.map
Not Found: /static/js/bootstrap.min.js.map
Not Found: /static/core/img/principal/imagen2.png
Not Found: /static/core/img/principal/imagen3.png
Not Found: /static/core/img/logo.png
Not Found: /static/core/img/principal/imagen1.png
Not Found: /static/js/bootstrap.bundle.min.js.map
Not Found: /static/core/img/principal/imagen2.png
Not Found: /static/core/img/principal/imagen3.png
Not Found: /static/js/bootstrap.min.js.map
Not Found: /static/js/popper.min.js.map
Not Found: /static/css/bootstrap.min.css.map
Not Found: /static/core/img/logo.png
Not Found: /static/core/img/principal/imagen1.png
Not Found: /static/js/bootstrap.bundle.min.js.map
Not Found: /static/js/bootstrap.min.js.map
Not Found: /static/core/img/principal/imagen2.png
Not Found: /static/core/img/principal/imagen3.png
Not Found: /static/js/popper.min.js.map
Not Found: /static/css/bootstrap.min.css.map
Not Found: /static/core/img/logo.png
Not Found: /static/core/img/principal/imagen1.png
Not Found: /static/js/bootstrap.bundle.min.js.map
Not Found: /static/core/img/principal/imagen2.png
Not Found: /static/js/popper.min.js.map
Not Found: /static/core/img/principal/imagen3.png
Not Found: /static/js/bootstrap.min.js.map
Not Found: /static/css/bootstrap.min.css.map
Not Found: /static/core/img/logo.png
Not Found: /static/css/bootstrap.min.css.map
Not Found: /static/core/img/principal/imagen1.png
Not Found: /static/js/bootstrap.bundle.min.js.map
Not Found: /static/core/img/principal/imagen2.png
Not Found: /static/js/bootstrap.min.js.map
Not Found: /static/core/img/principal/imagen3.png
Not Found: /static/js/popper.min.js.map
Not Found: /static/core/img/logo.png
Not Found: /static/core/img/principal/imagen1.png
Not Found: /static/core/img/principal/imagen2.png
Not Found: /static/js/bootstrap.bundle.min.js.map
Not Found: /static/js/bootstrap.min.js.map
Not Found: /static/core/img/principal/imagen3.png
Not Found: /static/css/bootstrap.min.css.map
Not Found: /static/js/popper.min.js.map
Not Found: /static/img/logo.png
Not Found: /static/img/principal/imagen1.png
Not Found: /static/js/bootstrap.bundle.min.js.map
Not Found: /static/js/bootstrap.min.js.map
Not Found: /static/img/principal/imagen2.png
Not Found: /static/css/bootstrap.min.css.map
Not Found: /static/img/principal/imagen3.png
Not Found: /static/js/popper.min.js.map
Not Found: /static/core/img/logo.png
Not Found: /static/core/js/bootstrap.bundle.min.js.map
Not Found: /static/core/img/principal/imagen1.png
Not Found: /static/core/css/bootstrap.min.css.map
Not Found: /static/core/img/principal/imagen3.png
Not Found: /static/core/js/popper.min.js.map
Not Found: /static/core/img/principal/imagen2.png
Not Found: /static/core/js/bootstrap.min.js.map
Not Found: /static/core/img/logo.png
Not Found: /static/core/img/principal/imagen1.png
Not Found: /static/core/js/bootstrap.bundle.min.js.map
Not Found: /static/core/css/bootstrap.min.css.map
Not Found: /static/core/img/principal/imagen2.png
Not Found: /static/core/img/principal/imagen3.png
Not Found: /static/core/js/popper.min.js.map
Not Found: /static/core/js/bootstrap.min.js.map
Not Found: /static/core/img/principal/imagen1.png
Not Found: /static/core/img/logo.png
Not Found: /static/core/js/bootstrap.bundle.min.js.map
Not Found: /static/core/img/principal/imagen2.png
Not Found: /static/core/js/bootstrap.min.js.map
Not Found: /static/core/js/popper.min.js.map
Not Found: /static/core/img/principal/imagen3.png
Not Found: /static/core/css/bootstrap.min.css.map
Not Found: /static/core/img/logo.png
Not Found: /static/core/img/principal/imagen1.png
Not Found: /static/core/js/bootstrap.bundle.min.js.map
Not Found: /static/core/img/principal/imagen3.png
Not Found: /static/core/img/principal/imagen2.png
Not Found: /static/core/js/bootstrap.min.js.map
Not Found: /static/core/js/popper.min.js.map
Not Found: /static/core/css/bootstrap.min.css.map
Not Found: /static/core/img/logo.png
Not Found: /static/core/img/principal/imagen1.png
Not Found: /static/core/img/logo.png
Not Found: /static/core/img/principal/imagen1.png
Not Found: /static/core/js/bootstrap.bundle.min.js.map
Not Found: /static/core/img/logo.png
Not Found: /static/core/img/principal/imagen1.png
Not Found: /static/core/js/bootstrap.bundle.min.js.map
Not Found: /static/core/img/principal/imagen3.png
Not Found: /static/core/js/bootstrap.min.js.map
Not Found: /static/core/js/popper.min.js.map
Not Found: /static/core/img/principal/imagen2.png
Not Found: /static/core/css/bootstrap.min.css.map
